<?xml version="1.0" encoding="UTF-8"?>
<!-- Generated by org.testng.reporters.JUnitReportReporter -->
<testsuite name="autotest.suites.steps.project.ProjectTest" tests="3" time="71.668" ignored="0" failures="0" timestamp="04 Dec 2020 08:33:39 GMT" skipped="0" hostname="DESKTOP-EH2F7BB" errors="0">
  <testcase name="createTask" time="17.609" classname="autotest.suites.steps.project.ProjectTest"/>
  <testcase name="createNewProject" time="36.820" classname="autotest.suites.steps.project.ProjectTest"/>
  <testcase name="ReopenTask" time="17.239" classname="autotest.suites.steps.project.ProjectTest"/>
</testsuite> <!-- autotest.suites.steps.project.ProjectTest -->
