<?xml version="1.0" encoding="UTF-8"?>
<!-- Generated by org.testng.reporters.JUnitReportReporter -->
<testsuite name="autotest.suites.steps.project.ProjectTest" tests="3" time="67.408" ignored="0" failures="0" timestamp="03 Dec 2020 10:54:07 GMT" skipped="0" hostname="DESKTOP-EH2F7BB" errors="0">
  <testcase name="createTask" time="16.282" classname="autotest.suites.steps.project.ProjectTest"/>
  <testcase name="ReopenTask" time="13.967" classname="autotest.suites.steps.project.ProjectTest"/>
  <testcase name="createNewProject" time="37.159" classname="autotest.suites.steps.project.ProjectTest"/>
</testsuite> <!-- autotest.suites.steps.project.ProjectTest -->
